<?xml version="1.0" encoding="UTF-8"?>
<!-- Generated by org.testng.reporters.JUnitReportReporter -->
<testsuite skipped="0" hostname="DESKTOP-8UCA3KP" name="observation.DeleteLeadSe" tests="1" failures="0" timestamp="06 Apr 2018 17:50:06 GMT" time="34.123" errors="0">
  <testcase name="DLeadSe" time="34.123" classname="observation.DeleteLeadSe"/>
</testsuite> <!-- observation.DeleteLeadSe -->
