<?xml version="1.0" encoding="UTF-8"?>
<!-- Generated by org.testng.reporters.JUnitReportReporter -->
<testsuite skipped="0" hostname="DESKTOP-8UCA3KP" name="groups.CreateLeadSe" tests="1" failures="0" timestamp="05 Apr 2018 18:10:06 GMT" time="21.248" errors="0">
  <testcase name="cleads" time="21.248" classname="groups.CreateLeadSe"/>
</testsuite> <!-- groups.CreateLeadSe -->
