<?xml version="1.0" encoding="UTF-8"?>
<!-- Generated by org.testng.reporters.JUnitReportReporter -->
<testsuite skipped="0" hostname="DESKTOP-8UCA3KP" name="parameter.CreateLeadSe" tests="2" failures="0" timestamp="07 Apr 2018 18:36:56 GMT" time="65.937" errors="0">
  <testcase name="cleads" time="33.016" classname="parameter.CreateLeadSe"/>
  <testcase name="cleads" time="32.921" classname="parameter.CreateLeadSe"/>
</testsuite> <!-- parameter.CreateLeadSe -->
