<?xml version="1.0" encoding="UTF-8"?>
<!-- Generated by org.testng.reporters.JUnitReportReporter -->
<testsuite skipped="0" hostname="DESKTOP-8UCA3KP" name="annotations.AllClass" tests="1" failures="0" timestamp="27 May 2018 05:37:49 GMT" time="0.005" errors="0">
  <testcase name="test" time="0.005" classname="annotations.AllClass"/>
</testsuite> <!-- annotations.AllClass -->
