<?xml version="1.0" encoding="UTF-8"?>
<!-- Generated by org.testng.reporters.JUnitReportReporter -->
<testsuite skipped="1" hostname="DESKTOP-8UCA3KP" name="dependsonmethods.EditLeadse" tests="1" failures="0" timestamp="01 Apr 2018 15:44:01 GMT" time="0.000" errors="0">
  <testcase name="ELeadse" time="0.000" classname="dependsonmethods.EditLeadse">
    <skipped/>
  </testcase> <!-- ELeadse -->
</testsuite> <!-- dependsonmethods.EditLeadse -->
