<?xml version="1.0" encoding="UTF-8"?>
<!-- Generated by org.testng.reporters.JUnitReportReporter -->
<testsuite skipped="0" hostname="DESKTOP-8UCA3KP" name="annotations.EditLeadse" tests="1" failures="0" timestamp="01 Apr 2018 14:12:18 GMT" time="51.136" errors="0">
  <testcase name="ELeadse" time="51.136" classname="annotations.EditLeadse"/>
</testsuite> <!-- annotations.EditLeadse -->
