<?xml version="1.0" encoding="UTF-8"?>
<!-- Generated by org.testng.reporters.JUnitReportReporter -->
<testsuite skipped="0" hostname="DESKTOP-8UCA3KP" name="parallel.DeleteLeadSe" tests="1" failures="0" timestamp="05 Apr 2018 18:06:28 GMT" time="30.567" errors="0">
  <testcase name="DLeadSe" time="30.567" classname="parallel.DeleteLeadSe"/>
</testsuite> <!-- parallel.DeleteLeadSe -->
