<?xml version="1.0" encoding="UTF-8"?>
<!-- Generated by org.testng.reporters.JUnitReportReporter -->
<testsuite skipped="0" hostname="DESKTOP-8UCA3KP" name="order.D" tests="1" failures="0" timestamp="15 Jun 2018 17:52:27 GMT" time="0.015" errors="0">
  <testcase name="classd" time="0.015" classname="order.D"/>
</testsuite> <!-- order.D -->
