<?xml version="1.0" encoding="UTF-8"?>
<!-- Generated by org.testng.reporters.JUnitReportReporter -->
<testsuite skipped="0" hostname="DESKTOP-8UCA3KP" name="observation1.DeleteLeadSe" tests="1" failures="0" timestamp="06 Apr 2018 18:11:24 GMT" time="33.590" errors="0">
  <testcase name="DLeadSe" time="33.590" classname="observation1.DeleteLeadSe"/>
</testsuite> <!-- observation1.DeleteLeadSe -->
