<?xml version="1.0" encoding="UTF-8"?>
<!-- Generated by org.testng.reporters.JUnitReportReporter -->
<testsuite skipped="0" hostname="DESKTOP-8UCA3KP" name="observation.CreateLeadSe" tests="2" failures="0" timestamp="06 Apr 2018 17:50:06 GMT" time="137.554" errors="0">
  <testcase name="cleads" time="24.913" classname="observation.CreateLeadSe"/>
  <testcase name="cleads" time="112.641" classname="observation.CreateLeadSe"/>
</testsuite> <!-- observation.CreateLeadSe -->
