<?xml version="1.0" encoding="UTF-8"?>
<!-- Generated by org.testng.reporters.JUnitReportReporter -->
<testsuite skipped="0" hostname="DESKTOP-8UCA3KP" name="annotations.CreateLeadSe" tests="1" failures="0" timestamp="01 Apr 2018 14:12:18 GMT" time="37.621" errors="0">
  <testcase name="cleads" time="37.621" classname="annotations.CreateLeadSe"/>
</testsuite> <!-- annotations.CreateLeadSe -->
