<?xml version="1.0" encoding="UTF-8"?>
<!-- Generated by org.testng.reporters.JUnitReportReporter -->
<testsuite skipped="1" hostname="DESKTOP-8UCA3KP" name="attributes.LearningAttributes3" tests="6" failures="0" timestamp="31 Mar 2018 15:47:44 GMT" time="135.697" errors="1">
  <testcase name="attribute1" time="23.718" classname="attributes.LearningAttributes3"/>
  <testcase name="attribute2" time="34.777" classname="attributes.LearningAttributes3"/>
  <testcase name="attribute5" time="20.027" classname="attributes.LearningAttributes3">
    <error type="org.testng.internal.thread.ThreadTimeoutException" message="Method attributes.LearningAttributes3.attribute5() didn&#039;t finish within the time-out 20000">
      <![CDATA[org.testng.internal.thread.ThreadTimeoutException: Method attributes.LearningAttributes3.attribute5() didn't finish within the time-out 20000at java.net.SocketInputStream.socketRead0(Native Method)at java.net.SocketInputStream.read(Unknown Source)at java.net.SocketInputStream.read(Unknown Source)at okio.Okio$2.read(Okio.java:139)at okio.AsyncTimeout$2.read(AsyncTimeout.java:237)at okio.RealBufferedSource.indexOf(RealBufferedSource.java:345)at okio.RealBufferedSource.readUtf8LineStrict(RealBufferedSource.java:217)at okhttp3.internal.http1.Http1Codec.readHeaderLine(Http1Codec.java:212)at okhttp3.internal.http1.Http1Codec.readResponseHeaders(Http1Codec.java:189)at okhttp3.internal.http.CallServerInterceptor.intercept(CallServerInterceptor.java:88)at okhttp3.internal.http.RealInterceptorChain.proceed(RealInterceptorChain.java:147)at okhttp3.internal.connection.ConnectInterceptor.intercept(ConnectInterceptor.java:45)at okhttp3.internal.http.RealInterceptorChain.proceed(RealInterceptorChain.java:147)at okhttp3.internal.http.RealInterceptorChain.proceed(RealInterceptorChain.java:121)at okhttp3.internal.cache.CacheInterceptor.intercept(CacheInterceptor.java:93)at okhttp3.internal.http.RealInterceptorChain.proceed(RealInterceptorChain.java:147)at okhttp3.internal.http.RealInterceptorChain.proceed(RealInterceptorChain.java:121)at okhttp3.internal.http.BridgeInterceptor.intercept(BridgeInterceptor.java:93)at okhttp3.internal.http.RealInterceptorChain.proceed(RealInterceptorChain.java:147)at okhttp3.internal.http.RetryAndFollowUpInterceptor.intercept(RetryAndFollowUpInterceptor.java:125)at okhttp3.internal.http.RealInterceptorChain.proceed(RealInterceptorChain.java:147)at okhttp3.internal.http.RealInterceptorChain.proceed(RealInterceptorChain.java:121)at okhttp3.RealCall.getResponseWithInterceptorChain(RealCall.java:200)at okhttp3.RealCall.execute(RealCall.java:77)at org.openqa.selenium.remote.internal.OkHttpClient.execute(OkHttpClient.java:104)at org.openqa.selenium.remote.internal.OkHttpClient.execute(OkHttpClient.java:54)at org.openqa.selenium.remote.HttpCommandExecutor.execute(HttpCommandExecutor.java:157)at org.openqa.selenium.remote.service.DriverCommandExecutor.execute(DriverCommandExecutor.java:83)at org.openqa.selenium.remote.RemoteWebDriver.execute(RemoteWebDriver.java:601)at org.openqa.selenium.remote.RemoteWebDriver.execute(RemoteWebDriver.java:658)at org.openqa.selenium.remote.RemoteWebDriver.getScreenshotAs(RemoteWebDriver.java:343)at wdMethods.SeMethods.takeSnap(SeMethods.java:512)at wdMethods.SeMethods.switchToWindow(SeMethods.java:437)at homeworks.MergeLeadse.mergeleads(MergeLeadse.java:42)at attributes.LearningAttributes3.attribute5(LearningAttributes3.java:41)at sun.reflect.NativeMethodAccessorImpl.invoke0(Native Method)at sun.reflect.NativeMethodAccessorImpl.invoke(Unknown Source)at sun.reflect.DelegatingMethodAccessorImpl.invoke(Unknown Source)at java.lang.reflect.Method.invoke(Unknown Source)at org.testng.internal.MethodInvocationHelper.invokeMethod(MethodInvocationHelper.java:124)at org.testng.internal.InvokeMethodRunnable.runOne(InvokeMethodRunnable.java:54)at org.testng.internal.InvokeMethodRunnable.run(InvokeMethodRunnable.java:44)at java.util.concurrent.Executors$RunnableAdapter.call(Unknown Source)at java.util.concurrent.FutureTask.run(Unknown Source)at java.util.concurrent.ThreadPoolExecutor.runWorker(Unknown Source)at java.util.concurrent.ThreadPoolExecutor$Worker.run(Unknown Source)at java.lang.Thread.run(Unknown Source)]]>
    </error>
  </testcase> <!-- attribute5 -->
  <testcase name="attribute3" time="34.323" classname="attributes.LearningAttributes3"/>
  <testcase name="attribute1" time="22.852" classname="attributes.LearningAttributes3"/>
  <testcase name="attribute4" classname="attributes.LearningAttributes3">
    <skipped/>
  </testcase> <!-- attribute4 -->
</testsuite> <!-- attributes.LearningAttributes3 -->
