<?xml version="1.0" encoding="UTF-8"?>
<!-- Generated by org.testng.reporters.JUnitReportReporter -->
<testsuite skipped="0" hostname="DESKTOP-8UCA3KP" name="observation.EditLeadse" tests="1" failures="0" timestamp="06 Apr 2018 17:50:06 GMT" time="33.876" errors="0">
  <testcase name="ELeadse" time="33.876" classname="observation.EditLeadse"/>
</testsuite> <!-- observation.EditLeadse -->
