<?xml version="1.0" encoding="UTF-8"?>
<!-- Generated by org.testng.reporters.JUnitReportReporter -->
<testsuite skipped="0" hostname="DESKTOP-8UCA3KP" name="homeworks.EditLeadse" tests="1" failures="0" timestamp="31 Mar 2018 15:56:05 GMT" time="36.803" errors="0">
  <testcase name="ELeadse" time="36.803" classname="homeworks.EditLeadse"/>
</testsuite> <!-- homeworks.EditLeadse -->
