<?xml version="1.0" encoding="UTF-8"?>
<!-- Generated by org.testng.reporters.JUnitReportReporter -->
<testsuite skipped="0" hostname="DESKTOP-8UCA3KP" name="leads.CreateLeadSe" tests="1" failures="0" timestamp="07 Apr 2018 17:07:47 GMT" time="21.406" errors="0">
  <testcase name="cleads" time="21.406" classname="leads.CreateLeadSe"/>
</testsuite> <!-- leads.CreateLeadSe -->
