<?xml version="1.0" encoding="UTF-8"?>
<!-- Generated by org.testng.reporters.JUnitReportReporter -->
<testsuite skipped="0" hostname="DESKTOP-8UCA3KP" name="observation1.CreateLeadSe" tests="1" failures="0" timestamp="06 Apr 2018 18:11:24 GMT" time="24.245" errors="0">
  <testcase name="cleads" time="24.245" classname="observation1.CreateLeadSe"/>
</testsuite> <!-- observation1.CreateLeadSe -->
