<?xml version="1.0" encoding="UTF-8"?>
<!-- Generated by org.testng.reporters.JUnitReportReporter -->
<testsuite skipped="0" hostname="DESKTOP-8UCA3KP" name="leads.DuplicateLeadSe" tests="1" failures="0" timestamp="04 Apr 2018 17:45:48 GMT" time="36.151" errors="0">
  <testcase name="DuLeadSe" time="36.151" classname="leads.DuplicateLeadSe"/>
</testsuite> <!-- leads.DuplicateLeadSe -->
