<?xml version="1.0" encoding="UTF-8"?>
<!-- Generated by org.testng.reporters.JUnitReportReporter -->
<testsuite skipped="1" hostname="DESKTOP-8UCA3KP" name="attributes.LearningAttributes2" tests="4" failures="0" timestamp="31 Mar 2018 11:20:40 GMT" time="0.011" errors="0">
  <testcase name="CreateLeads" time="0.009" classname="attributes.LearningAttributes2"/>
  <testcase name="EditLead" time="0.001" classname="attributes.LearningAttributes2"/>
  <testcase name="CreateLeads" time="0.001" classname="attributes.LearningAttributes2"/>
  <testcase name="DeleteLead" classname="attributes.LearningAttributes2">
    <skipped/>
  </testcase> <!-- DeleteLead -->
</testsuite> <!-- attributes.LearningAttributes2 -->
