<?xml version="1.0" encoding="UTF-8"?>
<!-- Generated by org.testng.reporters.JUnitReportReporter -->
<testsuite skipped="0" hostname="DESKTOP-8UCA3KP" name="groups.DeleteLeadSe" tests="1" failures="0" timestamp="01 Apr 2018 15:25:27 GMT" time="51.066" errors="0">
  <testcase name="DLeadSe" time="51.066" classname="groups.DeleteLeadSe"/>
</testsuite> <!-- groups.DeleteLeadSe -->
