<?xml version="1.0" encoding="UTF-8"?>
<!-- Generated by org.testng.reporters.JUnitReportReporter -->
<testsuite skipped="0" hostname="DESKTOP-8UCA3KP" name="order.B" tests="1" failures="0" timestamp="15 Jun 2018 17:52:27 GMT" time="0.004" errors="0">
  <testcase name="classb" time="0.004" classname="order.B"/>
</testsuite> <!-- order.B -->
