<?xml version="1.0" encoding="UTF-8"?>
<!-- Generated by org.testng.reporters.JUnitReportReporter -->
<testsuite skipped="0" hostname="DESKTOP-8UCA3KP" name="annotations.AllClass2" tests="2" failures="0" timestamp="01 Apr 2018 13:48:59 GMT" time="0.016" errors="0">
  <testcase name="test" time="0.016" classname="annotations.AllClass2"/>
  <testcase name="test1" time="0.000" classname="annotations.AllClass2"/>
</testsuite> <!-- annotations.AllClass2 -->
