<?xml version="1.0" encoding="UTF-8"?>
<!-- Generated by org.testng.reporters.JUnitReportReporter -->
<testsuite skipped="0" hostname="DESKTOP-8UCA3KP" name="groups.EditLeadse" tests="1" failures="0" timestamp="01 Apr 2018 15:37:33 GMT" time="47.164" errors="0">
  <testcase name="ELeadse" time="47.164" classname="groups.EditLeadse"/>
</testsuite> <!-- groups.EditLeadse -->
