<?xml version="1.0" encoding="UTF-8"?>
<!-- Generated by org.testng.reporters.JUnitReportReporter -->
<testsuite skipped="0" hostname="DESKTOP-8UCA3KP" name="homeworks.CreateLeadSe" tests="1" failures="0" timestamp="31 Mar 2018 15:56:05 GMT" time="29.886" errors="0">
  <testcase name="cleads" time="29.886" classname="homeworks.CreateLeadSe"/>
</testsuite> <!-- homeworks.CreateLeadSe -->
