<?xml version="1.0" encoding="UTF-8"?>
<!-- Generated by org.testng.reporters.JUnitReportReporter -->
<testsuite skipped="1" hostname="DESKTOP-8UCA3KP" name="attributes.LearningAttributes" tests="4" failures="0" timestamp="31 Mar 2018 11:29:20 GMT" time="73.639" errors="0">
  <testcase name="attributes2" time="30.178" classname="attributes.LearningAttributes"/>
  <testcase name="attributes1" time="21.309" classname="attributes.LearningAttributes"/>
  <testcase name="attributes1" time="22.152" classname="attributes.LearningAttributes"/>
  <testcase name="attributes3" classname="attributes.LearningAttributes">
    <skipped/>
  </testcase> <!-- attributes3 -->
</testsuite> <!-- attributes.LearningAttributes -->
